<?xml version="1.0" encoding="UTF-8" ?>
<testsuite failures="0" time="1.641" errors="0" skipped="0" tests="1" name="app.controller.PingControllerTest">
  <properties>
    <property name="java.runtime.name" value="OpenJDK Runtime Environment"/>
    <property name="sun.boot.library.path" value="/usr/lib/jvm/java-6-openjdk/jre/lib/i386"/>
    <property name="java.vm.version" value="16.0-b13"/>
    <property name="java.vm.vendor" value="Sun Microsystems Inc."/>
    <property name="java.vendor.url" value="http://java.sun.com/"/>
    <property name="path.separator" value=":"/>
    <property name="java.vm.name" value="OpenJDK Server VM"/>
    <property name="file.encoding.pkg" value="sun.io"/>
    <property name="user.country" value="US"/>
    <property name="sun.java.launcher" value="SUN_STANDARD"/>
    <property name="sun.os.patch.level" value="unknown"/>
    <property name="java.vm.specification.name" value="Java Virtual Machine Specification"/>
    <property name="user.dir" value="/home/felipe/workspace/testeheroku"/>
    <property name="java.runtime.version" value="1.6.0_18-b18"/>
    <property name="java.awt.graphicsenv" value="sun.awt.X11GraphicsEnvironment"/>
    <property name="basedir" value="/home/felipe/workspace/testeheroku"/>
    <property name="java.endorsed.dirs" value="/usr/lib/jvm/java-6-openjdk/jre/lib/endorsed"/>
    <property name="os.arch" value="i386"/>
    <property name="surefire.real.class.path" value="/tmp/surefirebooter8161495741872240341.jar"/>
    <property name="java.io.tmpdir" value="/tmp"/>
    <property name="line.separator" value="
"/>
    <property name="java.vm.specification.vendor" value="Sun Microsystems Inc."/>
    <property name="os.name" value="Linux"/>
    <property name="sun.jnu.encoding" value="UTF-8"/>
    <property name="java.library.path" value="/usr/lib/jvm/java-6-openjdk/jre/lib/i386/server:/usr/lib/jvm/java-6-openjdk/jre/lib/i386:/usr/lib/jvm/java-6-openjdk/jre/../lib/i386:/usr/java/packages/lib/i386:/usr/lib/jni:/lib:/usr/lib"/>
    <property name="surefire.test.class.path" value="/home/felipe/workspace/testeheroku/target/test-classes:/home/felipe/workspace/testeheroku/src/main/webapp/WEB-INF/classes:/home/felipe/.m2/repository/br/com/caelum/vraptor/3.4.0/vraptor-3.4.0.jar:/home/felipe/.m2/repository/cglib/cglib-nodep/2.1_3/cglib-nodep-2.1_3.jar:/home/felipe/.m2/repository/com/google/guava/guava/r07/guava-r07.jar:/home/felipe/.m2/repository/org/slf4j/slf4j-api/1.6.1/slf4j-api-1.6.1.jar:/home/felipe/.m2/repository/org/slf4j/slf4j-log4j12/1.6.1/slf4j-log4j12-1.6.1.jar:/home/felipe/.m2/repository/log4j/log4j/1.2.16/log4j-1.2.16.jar:/home/felipe/.m2/repository/net/vidageek/mirror/1.5.1/mirror-1.5.1.jar:/home/felipe/.m2/repository/org/objenesis/objenesis/1.1/objenesis-1.1.jar:/home/felipe/.m2/repository/ognl/ognl/2.7.3/ognl-2.7.3.jar:/home/felipe/.m2/repository/jboss/javassist/3.7.ga/javassist-3.7.ga.jar:/home/felipe/.m2/repository/com/thoughtworks/paranamer/paranamer/2.2/paranamer-2.2.jar:/home/felipe/.m2/repository/org/springframework/spring-aop/3.0.5.RELEASE/spring-aop-3.0.5.RELEASE.jar:/home/felipe/.m2/repository/aopalliance/aopalliance/1.0/aopalliance-1.0.jar:/home/felipe/.m2/repository/org/springframework/spring-asm/3.0.5.RELEASE/spring-asm-3.0.5.RELEASE.jar:/home/felipe/.m2/repository/org/springframework/spring-beans/3.0.5.RELEASE/spring-beans-3.0.5.RELEASE.jar:/home/felipe/.m2/repository/org/springframework/spring-core/3.0.5.RELEASE/spring-core-3.0.5.RELEASE.jar:/home/felipe/.m2/repository/commons-logging/commons-logging/1.1.1/commons-logging-1.1.1.jar:/home/felipe/.m2/repository/org/springframework/spring-context/3.0.5.RELEASE/spring-context-3.0.5.RELEASE.jar:/home/felipe/.m2/repository/org/springframework/spring-expression/3.0.5.RELEASE/spring-expression-3.0.5.RELEASE.jar:/home/felipe/.m2/repository/org/springframework/spring-web/3.0.5.RELEASE/spring-web-3.0.5.RELEASE.jar:/home/felipe/.m2/repository/org/aspectj/aspectjrt/1.6.9/aspectjrt-1.6.9.jar:/home/felipe/.m2/repository/net/sf/scannotation/scannotation/1.0.2/scannotation-1.0.2.jar:/home/felipe/.m2/repository/javassist/javassist/3.12.0.GA/javassist-3.12.0.GA.jar:/home/felipe/.m2/repository/jfree/jfreechart/1.0.12/jfreechart-1.0.12.jar:/home/felipe/.m2/repository/jfree/jcommon/1.0.15/jcommon-1.0.15.jar:/home/felipe/.m2/repository/org/hsqldb/hsqldb/2.2.4/hsqldb-2.2.4.jar:/home/felipe/.m2/repository/opensymphony/sitemesh/2.4.2/sitemesh-2.4.2.jar:/home/felipe/.m2/repository/javax/servlet/jstl/1.2/jstl-1.2.jar:/home/felipe/.m2/repository/org/hibernate/hibernate-entitymanager/3.6.7.Final/hibernate-entitymanager-3.6.7.Final.jar:/home/felipe/.m2/repository/org/hibernate/hibernate-core/3.6.7.Final/hibernate-core-3.6.7.Final.jar:/home/felipe/.m2/repository/antlr/antlr/2.7.6/antlr-2.7.6.jar:/home/felipe/.m2/repository/commons-collections/commons-collections/3.1/commons-collections-3.1.jar:/home/felipe/.m2/repository/dom4j/dom4j/1.6.1/dom4j-1.6.1.jar:/home/felipe/.m2/repository/org/hibernate/hibernate-commons-annotations/3.2.0.Final/hibernate-commons-annotations-3.2.0.Final.jar:/home/felipe/.m2/repository/org/hibernate/javax/persistence/hibernate-jpa-2.0-api/1.0.1.Final/hibernate-jpa-2.0-api-1.0.1.Final.jar:/home/felipe/.m2/repository/javax/transaction/jta/1.1/jta-1.1.jar:/home/felipe/.m2/repository/cglib/cglib/2.2/cglib-2.2.jar:/home/felipe/.m2/repository/asm/asm/3.1/asm-3.1.jar:/home/felipe/.m2/repository/org/hibernate/hibernate-c3p0/3.6.7.Final/hibernate-c3p0-3.6.7.Final.jar:/home/felipe/.m2/repository/c3p0/c3p0/0.9.1/c3p0-0.9.1.jar:/home/felipe/.m2/repository/org/hibernate/hibernate-validator/4.2.0.Final/hibernate-validator-4.2.0.Final.jar:/home/felipe/.m2/repository/javax/validation/validation-api/1.0.0.GA/validation-api-1.0.0.GA.jar:/home/felipe/.m2/repository/joda-time/joda-time/2.0/joda-time-2.0.jar:/home/felipe/.m2/repository/com/thoughtworks/xstream/xstream/1.4.1/xstream-1.4.1.jar:/home/felipe/.m2/repository/xmlpull/xmlpull/1.1.3.1/xmlpull-1.1.3.1.jar:/home/felipe/.m2/repository/xpp3/xpp3_min/1.1.4c/xpp3_min-1.1.4c.jar:/home/felipe/.m2/repository/org/eclipse/jetty/jetty-webapp/7.4.4.v20110707/jetty-webapp-7.4.4.v20110707.jar:/home/felipe/.m2/repository/org/eclipse/jetty/jetty-xml/7.4.4.v20110707/jetty-xml-7.4.4.v20110707.jar:/home/felipe/.m2/repository/org/eclipse/jetty/jetty-util/7.4.4.v20110707/jetty-util-7.4.4.v20110707.jar:/home/felipe/.m2/repository/org/eclipse/jetty/jetty-servlet/7.4.4.v20110707/jetty-servlet-7.4.4.v20110707.jar:/home/felipe/.m2/repository/org/eclipse/jetty/jetty-security/7.4.4.v20110707/jetty-security-7.4.4.v20110707.jar:/home/felipe/.m2/repository/org/eclipse/jetty/jetty-server/7.4.4.v20110707/jetty-server-7.4.4.v20110707.jar:/home/felipe/.m2/repository/javax/servlet/servlet-api/2.5/servlet-api-2.5.jar:/home/felipe/.m2/repository/org/eclipse/jetty/jetty-continuation/7.4.4.v20110707/jetty-continuation-7.4.4.v20110707.jar:/home/felipe/.m2/repository/org/eclipse/jetty/jetty-http/7.4.4.v20110707/jetty-http-7.4.4.v20110707.jar:/home/felipe/.m2/repository/org/eclipse/jetty/jetty-io/7.4.4.v20110707/jetty-io-7.4.4.v20110707.jar:/home/felipe/.m2/repository/org/mortbay/jetty/jsp-2.1-glassfish/2.1.v20100127/jsp-2.1-glassfish-2.1.v20100127.jar:/home/felipe/.m2/repository/org/eclipse/jdt/core/compiler/ecj/3.5.1/ecj-3.5.1.jar:/home/felipe/.m2/repository/org/mortbay/jetty/jsp-api-2.1-glassfish/2.1.v20100127/jsp-api-2.1-glassfish-2.1.v20100127.jar:/home/felipe/.m2/repository/ant/ant/1.6.5/ant-1.6.5.jar:/home/felipe/.m2/repository/junit/junit/4.10/junit-4.10.jar:/home/felipe/.m2/repository/org/hamcrest/hamcrest-core/1.1/hamcrest-core-1.1.jar:/home/felipe/.m2/repository/org/hamcrest/hamcrest-all/1.1/hamcrest-all-1.1.jar:/home/felipe/.m2/repository/org/mockito/mockito-all/1.8.5/mockito-all-1.8.5.jar:"/>
    <property name="java.specification.name" value="Java Platform API Specification"/>
    <property name="java.class.version" value="50.0"/>
    <property name="sun.management.compiler" value="HotSpot Tiered Compilers"/>
    <property name="os.version" value="2.6.32-24-generic"/>
    <property name="user.home" value="/home/felipe"/>
    <property name="user.timezone" value="America/Sao_Paulo"/>
    <property name="java.awt.printerjob" value="sun.print.PSPrinterJob"/>
    <property name="file.encoding" value="UTF-8"/>
    <property name="java.specification.version" value="1.6"/>
    <property name="user.name" value="felipe"/>
    <property name="java.class.path" value="/home/felipe/workspace/testeheroku/target/test-classes:/home/felipe/workspace/testeheroku/src/main/webapp/WEB-INF/classes:/home/felipe/.m2/repository/br/com/caelum/vraptor/3.4.0/vraptor-3.4.0.jar:/home/felipe/.m2/repository/cglib/cglib-nodep/2.1_3/cglib-nodep-2.1_3.jar:/home/felipe/.m2/repository/com/google/guava/guava/r07/guava-r07.jar:/home/felipe/.m2/repository/org/slf4j/slf4j-api/1.6.1/slf4j-api-1.6.1.jar:/home/felipe/.m2/repository/org/slf4j/slf4j-log4j12/1.6.1/slf4j-log4j12-1.6.1.jar:/home/felipe/.m2/repository/log4j/log4j/1.2.16/log4j-1.2.16.jar:/home/felipe/.m2/repository/net/vidageek/mirror/1.5.1/mirror-1.5.1.jar:/home/felipe/.m2/repository/org/objenesis/objenesis/1.1/objenesis-1.1.jar:/home/felipe/.m2/repository/ognl/ognl/2.7.3/ognl-2.7.3.jar:/home/felipe/.m2/repository/jboss/javassist/3.7.ga/javassist-3.7.ga.jar:/home/felipe/.m2/repository/com/thoughtworks/paranamer/paranamer/2.2/paranamer-2.2.jar:/home/felipe/.m2/repository/org/springframework/spring-aop/3.0.5.RELEASE/spring-aop-3.0.5.RELEASE.jar:/home/felipe/.m2/repository/aopalliance/aopalliance/1.0/aopalliance-1.0.jar:/home/felipe/.m2/repository/org/springframework/spring-asm/3.0.5.RELEASE/spring-asm-3.0.5.RELEASE.jar:/home/felipe/.m2/repository/org/springframework/spring-beans/3.0.5.RELEASE/spring-beans-3.0.5.RELEASE.jar:/home/felipe/.m2/repository/org/springframework/spring-core/3.0.5.RELEASE/spring-core-3.0.5.RELEASE.jar:/home/felipe/.m2/repository/commons-logging/commons-logging/1.1.1/commons-logging-1.1.1.jar:/home/felipe/.m2/repository/org/springframework/spring-context/3.0.5.RELEASE/spring-context-3.0.5.RELEASE.jar:/home/felipe/.m2/repository/org/springframework/spring-expression/3.0.5.RELEASE/spring-expression-3.0.5.RELEASE.jar:/home/felipe/.m2/repository/org/springframework/spring-web/3.0.5.RELEASE/spring-web-3.0.5.RELEASE.jar:/home/felipe/.m2/repository/org/aspectj/aspectjrt/1.6.9/aspectjrt-1.6.9.jar:/home/felipe/.m2/repository/net/sf/scannotation/scannotation/1.0.2/scannotation-1.0.2.jar:/home/felipe/.m2/repository/javassist/javassist/3.12.0.GA/javassist-3.12.0.GA.jar:/home/felipe/.m2/repository/jfree/jfreechart/1.0.12/jfreechart-1.0.12.jar:/home/felipe/.m2/repository/jfree/jcommon/1.0.15/jcommon-1.0.15.jar:/home/felipe/.m2/repository/org/hsqldb/hsqldb/2.2.4/hsqldb-2.2.4.jar:/home/felipe/.m2/repository/opensymphony/sitemesh/2.4.2/sitemesh-2.4.2.jar:/home/felipe/.m2/repository/javax/servlet/jstl/1.2/jstl-1.2.jar:/home/felipe/.m2/repository/org/hibernate/hibernate-entitymanager/3.6.7.Final/hibernate-entitymanager-3.6.7.Final.jar:/home/felipe/.m2/repository/org/hibernate/hibernate-core/3.6.7.Final/hibernate-core-3.6.7.Final.jar:/home/felipe/.m2/repository/antlr/antlr/2.7.6/antlr-2.7.6.jar:/home/felipe/.m2/repository/commons-collections/commons-collections/3.1/commons-collections-3.1.jar:/home/felipe/.m2/repository/dom4j/dom4j/1.6.1/dom4j-1.6.1.jar:/home/felipe/.m2/repository/org/hibernate/hibernate-commons-annotations/3.2.0.Final/hibernate-commons-annotations-3.2.0.Final.jar:/home/felipe/.m2/repository/org/hibernate/javax/persistence/hibernate-jpa-2.0-api/1.0.1.Final/hibernate-jpa-2.0-api-1.0.1.Final.jar:/home/felipe/.m2/repository/javax/transaction/jta/1.1/jta-1.1.jar:/home/felipe/.m2/repository/cglib/cglib/2.2/cglib-2.2.jar:/home/felipe/.m2/repository/asm/asm/3.1/asm-3.1.jar:/home/felipe/.m2/repository/org/hibernate/hibernate-c3p0/3.6.7.Final/hibernate-c3p0-3.6.7.Final.jar:/home/felipe/.m2/repository/c3p0/c3p0/0.9.1/c3p0-0.9.1.jar:/home/felipe/.m2/repository/org/hibernate/hibernate-validator/4.2.0.Final/hibernate-validator-4.2.0.Final.jar:/home/felipe/.m2/repository/javax/validation/validation-api/1.0.0.GA/validation-api-1.0.0.GA.jar:/home/felipe/.m2/repository/joda-time/joda-time/2.0/joda-time-2.0.jar:/home/felipe/.m2/repository/com/thoughtworks/xstream/xstream/1.4.1/xstream-1.4.1.jar:/home/felipe/.m2/repository/xmlpull/xmlpull/1.1.3.1/xmlpull-1.1.3.1.jar:/home/felipe/.m2/repository/xpp3/xpp3_min/1.1.4c/xpp3_min-1.1.4c.jar:/home/felipe/.m2/repository/org/eclipse/jetty/jetty-webapp/7.4.4.v20110707/jetty-webapp-7.4.4.v20110707.jar:/home/felipe/.m2/repository/org/eclipse/jetty/jetty-xml/7.4.4.v20110707/jetty-xml-7.4.4.v20110707.jar:/home/felipe/.m2/repository/org/eclipse/jetty/jetty-util/7.4.4.v20110707/jetty-util-7.4.4.v20110707.jar:/home/felipe/.m2/repository/org/eclipse/jetty/jetty-servlet/7.4.4.v20110707/jetty-servlet-7.4.4.v20110707.jar:/home/felipe/.m2/repository/org/eclipse/jetty/jetty-security/7.4.4.v20110707/jetty-security-7.4.4.v20110707.jar:/home/felipe/.m2/repository/org/eclipse/jetty/jetty-server/7.4.4.v20110707/jetty-server-7.4.4.v20110707.jar:/home/felipe/.m2/repository/javax/servlet/servlet-api/2.5/servlet-api-2.5.jar:/home/felipe/.m2/repository/org/eclipse/jetty/jetty-continuation/7.4.4.v20110707/jetty-continuation-7.4.4.v20110707.jar:/home/felipe/.m2/repository/org/eclipse/jetty/jetty-http/7.4.4.v20110707/jetty-http-7.4.4.v20110707.jar:/home/felipe/.m2/repository/org/eclipse/jetty/jetty-io/7.4.4.v20110707/jetty-io-7.4.4.v20110707.jar:/home/felipe/.m2/repository/org/mortbay/jetty/jsp-2.1-glassfish/2.1.v20100127/jsp-2.1-glassfish-2.1.v20100127.jar:/home/felipe/.m2/repository/org/eclipse/jdt/core/compiler/ecj/3.5.1/ecj-3.5.1.jar:/home/felipe/.m2/repository/org/mortbay/jetty/jsp-api-2.1-glassfish/2.1.v20100127/jsp-api-2.1-glassfish-2.1.v20100127.jar:/home/felipe/.m2/repository/ant/ant/1.6.5/ant-1.6.5.jar:/home/felipe/.m2/repository/junit/junit/4.10/junit-4.10.jar:/home/felipe/.m2/repository/org/hamcrest/hamcrest-core/1.1/hamcrest-core-1.1.jar:/home/felipe/.m2/repository/org/hamcrest/hamcrest-all/1.1/hamcrest-all-1.1.jar:/home/felipe/.m2/repository/org/mockito/mockito-all/1.8.5/mockito-all-1.8.5.jar:"/>
    <property name="java.vm.specification.version" value="1.0"/>
    <property name="sun.arch.data.model" value="32"/>
    <property name="java.home" value="/usr/lib/jvm/java-6-openjdk/jre"/>
    <property name="java.specification.vendor" value="Sun Microsystems Inc."/>
    <property name="user.language" value="en"/>
    <property name="java.vm.info" value="mixed mode"/>
    <property name="java.version" value="1.6.0_18"/>
    <property name="java.ext.dirs" value="/usr/lib/jvm/java-6-openjdk/jre/lib/ext:/usr/java/packages/lib/ext"/>
    <property name="sun.boot.class.path" value="/usr/lib/jvm/java-6-openjdk/jre/lib/resources.jar:/usr/lib/jvm/java-6-openjdk/jre/lib/rt.jar:/usr/lib/jvm/java-6-openjdk/jre/lib/sunrsasign.jar:/usr/lib/jvm/java-6-openjdk/jre/lib/jsse.jar:/usr/lib/jvm/java-6-openjdk/jre/lib/jce.jar:/usr/lib/jvm/java-6-openjdk/jre/lib/charsets.jar:/usr/lib/jvm/java-6-openjdk/jre/lib/rhino.jar:/usr/lib/jvm/java-6-openjdk/jre/classes"/>
    <property name="java.vendor" value="Sun Microsystems Inc."/>
    <property name="localRepository" value="/home/felipe/.m2/repository"/>
    <property name="file.separator" value="/"/>
    <property name="java.vendor.url.bug" value="http://java.sun.com/cgi-bin/bugreport.cgi"/>
    <property name="sun.cpu.endian" value="little"/>
    <property name="sun.io.unicode.encoding" value="UnicodeLittle"/>
    <property name="sun.desktop" value="gnome"/>
    <property name="sun.cpu.isalist" value=""/>
  </properties>
  <testcase time="1.64" classname="app.controller.PingControllerTest" name="shouldPingAllRegisteredDevices"/>
</testsuite>